<?xml version="1.0" encoding="utf-8"?><testsuites name="pytest tests"><testsuite name="pytest" errors="0" failures="0" skipped="0" tests="7" time="1.165" timestamp="2026-03-19T08:44:44.209074+00:00" hostname="agent-env-a580d9c6-1b10-4caa-81ba-c19407398a1c"><testcase classname="backend.tests.test_pumpradar.TestHealth" name="test_health" time="0.122" /><testcase classname="backend.tests.test_pumpradar.TestAuth" name="test_register" time="0.105" /><testcase classname="backend.tests.test_pumpradar.TestAuth" name="test_login_valid" time="0.482" /><testcase classname="backend.tests.test_pumpradar.TestAuth" name="test_login_invalid" time="0.107" /><testcase classname="backend.tests.test_pumpradar.TestAuth" name="test_get_me" time="0.098" /><testcase classname="backend.tests.test_pumpradar.TestSignals" name="test_signals_unauthenticated" time="0.102" /><testcase classname="backend.tests.test_pumpradar.TestSignals" name="test_signals_authenticated" time="0.099" /></testsuite></testsuites>