<?xml version="1.0" encoding="utf-8"?><testsuites name="pytest tests"><testsuite name="pytest" errors="0" failures="0" skipped="0" tests="15" time="4.415" timestamp="2026-03-19T13:45:45.821219+00:00" hostname="agent-env-27ce442a-9b31-452c-9e48-21b7162f43ac"><testcase classname="backend.tests.test_pumpradar_pro_features.TestHealth" name="test_health_endpoint" time="0.149" /><testcase classname="backend.tests.test_pumpradar_pro_features.TestAccuracyEndpoint" name="test_accuracy_endpoint_exists" time="0.130" /><testcase classname="backend.tests.test_pumpradar_pro_features.TestAccuracyEndpoint" name="test_accuracy_returns_correct_structure" time="0.143" /><testcase classname="backend.tests.test_pumpradar_pro_features.TestAccuracyEndpoint" name="test_accuracy_timeframe_structure" time="0.166" /><testcase classname="backend.tests.test_pumpradar_pro_features.TestAccuracyEndpoint" name="test_accuracy_works_without_auth" time="0.143" /><testcase classname="backend.tests.test_pumpradar_pro_features.TestAccuracyEndpoint" name="test_accuracy_works_with_auth" time="0.484" /><testcase classname="backend.tests.test_pumpradar_pro_features.TestSchedulerJobsConfiguration" name="test_signals_endpoint_works" time="0.121" /><testcase classname="backend.tests.test_pumpradar_pro_features.TestSchedulerJobsConfiguration" name="test_accuracy_endpoint_works" time="0.121" /><testcase classname="backend.tests.test_pumpradar_pro_features.TestSchedulerJobsConfiguration" name="test_snapshot_data_has_required_fields_for_emails" time="0.102" /><testcase classname="backend.tests.test_pumpradar_pro_features.TestPreviousFeaturesStillWork" name="test_auth_login" time="0.339" /><testcase classname="backend.tests.test_pumpradar_pro_features.TestPreviousFeaturesStillWork" name="test_signals_endpoint" time="0.105" /><testcase classname="backend.tests.test_pumpradar_pro_features.TestPreviousFeaturesStillWork" name="test_history_endpoint" time="0.127" /><testcase classname="backend.tests.test_pumpradar_pro_features.TestPreviousFeaturesStillWork" name="test_watchlist_endpoint" time="0.113" /><testcase classname="backend.tests.test_pumpradar_pro_features.TestPreviousFeaturesStillWork" name="test_ai_chat_endpoint" time="1.782" /><testcase classname="backend.tests.test_pumpradar_pro_features.TestProSubscriptionRequirements" name="test_alert_settings_require_pro" time="0.271" /></testsuite></testsuites>