<?xml version="1.0" encoding="utf-8"?><testsuites name="pytest tests"><testsuite name="pytest" errors="0" failures="0" skipped="0" tests="14" time="4.486" timestamp="2026-03-19T13:14:27.316442+00:00" hostname="agent-env-27ce442a-9b31-452c-9e48-21b7162f43ac"><testcase classname="tests.test_pumpradar_v3.TestHealth" name="test_health_endpoint" time="0.157" /><testcase classname="tests.test_pumpradar_v3.TestEmailAuthentication" name="test_admin_login" time="0.388" /><testcase classname="tests.test_pumpradar_v3.TestHistoryEndpoint" name="test_history_requires_authentication" time="0.099" /><testcase classname="tests.test_pumpradar_v3.TestHistoryEndpoint" name="test_history_returns_data" time="0.482" /><testcase classname="tests.test_pumpradar_v3.TestSnapshotsEndpoint" name="test_snapshots_returns_detailed_data" time="0.170" /><testcase classname="tests.test_pumpradar_v3.TestWatchlistAPI" name="test_watchlist_requires_auth" time="0.226" /><testcase classname="tests.test_pumpradar_v3.TestWatchlistAPI" name="test_get_watchlist" time="0.146" /><testcase classname="tests.test_pumpradar_v3.TestWatchlistAPI" name="test_add_to_watchlist" time="0.118" /><testcase classname="tests.test_pumpradar_v3.TestWatchlistAPI" name="test_remove_from_watchlist" time="0.130" /><testcase classname="tests.test_pumpradar_v3.TestAlertSettings" name="test_get_alert_settings" time="0.169" /><testcase classname="tests.test_pumpradar_v3.TestSignalsWithScientificReasoning" name="test_signals_have_detailed_analysis" time="0.140" /><testcase classname="tests.test_pumpradar_v3.TestAIChatEndpoint" name="test_ai_chat_returns_english_response" time="1.968" /><testcase classname="tests.test_pumpradar_v3.TestSuperAdminProtection" name="test_admin_users_requires_auth" time="0.100" /><testcase classname="tests.test_pumpradar_v3.TestSuperAdminProtection" name="test_admin_users_works_for_admin" time="0.117" /></testsuite></testsuites>