<?xml version="1.0" encoding="utf-8"?><testsuites name="pytest tests"><testsuite name="pytest" errors="0" failures="0" skipped="0" tests="13" time="5.757" timestamp="2026-03-19T13:00:51.817673+00:00" hostname="agent-env-27ce442a-9b31-452c-9e48-21b7162f43ac"><testcase classname="backend.tests.test_pumpradar_v2.TestHealth" name="test_health_endpoint" time="0.270" /><testcase classname="backend.tests.test_pumpradar_v2.TestEmailAuthentication" name="test_admin_login_with_provided_credentials" time="0.359" /><testcase classname="backend.tests.test_pumpradar_v2.TestEmailAuthentication" name="test_login_invalid_credentials" time="0.107" /><testcase classname="backend.tests.test_pumpradar_v2.TestEmailAuthentication" name="test_auth_me_endpoint" time="0.119" /><testcase classname="backend.tests.test_pumpradar_v2.TestSuperAdminAPI" name="test_admin_users_requires_auth" time="0.109" /><testcase classname="backend.tests.test_pumpradar_v2.TestSuperAdminAPI" name="test_admin_users_requires_admin_role" time="0.204" /><testcase classname="backend.tests.test_pumpradar_v2.TestSuperAdminAPI" name="test_admin_users_returns_data_for_admin" time="0.126" /><testcase classname="backend.tests.test_pumpradar_v2.TestAIChatEndpoint" name="test_ai_chat_returns_intelligent_response" time="1.780" /><testcase classname="backend.tests.test_pumpradar_v2.TestAIChatEndpoint" name="test_ai_chat_with_market_context" time="2.050" /><testcase classname="backend.tests.test_pumpradar_v2.TestCryptoSignals" name="test_signals_endpoint_returns_data" time="0.137" /><testcase classname="backend.tests.test_pumpradar_v2.TestCryptoSignals" name="test_signals_have_scientific_reasoning" time="0.120" /><testcase classname="backend.tests.test_pumpradar_v2.TestCryptoSignals" name="test_signals_include_market_metrics" time="0.106" /><testcase classname="backend.tests.test_pumpradar_v2.TestGoogleOAuthEndpoint" name="test_google_auth_endpoint_exists" time="0.199" /></testsuite></testsuites>